Appliance Name: cfeis01nas84
Appliance Product: Oracle ZFS Storage ZS4-4
Appliance Version: 2013.06.05.6.12,1-1.3
Max Percent CPU utilization:  13
Max CPU utilization time:  2017-11-4 02:40:13 0 - -
Average CPU utilization:  0.140253006330
Average ARC hit ratio:  99.304695547505
Lowest ARC hit ratio:  90
Top 30 intervals of disks above 95% utilization: 
                                         1 cfeis01nas84/HDD 0
2017-11-4 15:30:53            2          1 cfeis01nas84/HDD 1
2017-11-5 02:31:55            1          1 cfeis01nas84/HDD 0
2017-11-5 02:31:15            1          1 cfeis01nas84/HDD 0
2017-11-5 02:19:56            1          1 cfeis01nas84/HDD 1
2017-11-4 17:05:24            1          1 cfeis01nas84/HDD 1
2017-11-4 14:30:54            1          1 cfeis01nas84/HDD 0
2017-11-4 11:30:53            1          1 cfeis01nas84/HDD 0
2017-11-4 10:52:04            1          1 cfeis01nas84/HDD 0
2017-11-4 07:12:53            1          1 cfeis01nas84/HDD 0
2017-11-4 07:08:03            1          1 cfeis01nas84/HDD 0
2017-11-4 06:48:38            1          1 cfeis01nas84/HDD 0
2017-11-5 02:42:40            0          - -
2017-11-5 02:42:39            0          - -
2017-11-5 02:42:38            0          - -
2017-11-5 02:42:37            0          - -
2017-11-5 02:42:36            0          - -
2017-11-5 02:42:35            0          - -
2017-11-5 02:42:34            0          - -
2017-11-5 02:42:33            0          - -
2017-11-5 02:42:32            0          - -
2017-11-5 02:42:31            0          - -
2017-11-5 02:42:30            0          - -
2017-11-5 02:42:29            0          - -
2017-11-5 02:42:28            0          - -
2017-11-5 02:42:27            0          - -
2017-11-5 02:42:26            0          - -
2017-11-5 02:42:25            0          - -
2017-11-5 02:42:24            0          - -
2017-11-5 02:42:23            0          - -
ZFS Data Analysis: 
Listing ZFS attributes: 
pool84a  allocated      47.1T                                            -
pool84a  cachefile      /var/ak/stash/com/sun/ak/xmlrpc/zfs/pool84a/obj  local
pool84a  capacity       30%                                              -
pool84a  dedupratio     1.00x                                            -
pool84a  delegation     on                                               default
pool84a  free           105T                                             -
pool84a  health         ONLINE                                           -
pool84a  size           152T                                             -
pool84a  version        35                                               default
ZFS Snapshot Count:  34
ZFS filesystem count:  20
Network Data Analysis: 
Dladm output: 
LINK                CLASS     MTU    STATE    OVER
ixgbe5              phys      1500   up       --
ixgbe4              phys      1500   up       --
ixgbe0              phys      1500   down     --
ixgbe6              phys      1500   up       --
ixgbe1              phys      1500   down     --
ixgbe3              phys      1500   up       --
ixgbe2              phys      1500   up       --
e1000g0             phys      1500   up       --
ixgbe7              phys      1500   up       --
usbecm0             phys      1500   up       --
aggr1               aggr      1500   up       ixgbe6 ixgbe4 ixgbe5 ixgbe7
vnic4               vnic      1500   up       aggr1
vnic1               vnic      1500   up       aggr1
vnic2               vnic      1500   up       aggr1
vnic3               vnic      1500   up       aggr1
iSCSI Max operations KB/sec :  OPS/SEC
Max iSCSI Latency: 
Max iSCSI I/O size:  -
DATE/TIME               OPS/SEC    OPS/SEC BREAKDOWN
2017-11-5 02:45:18            0          - -
2017-11-5 02:45:17            0          - -
2017-11-5 02:45:16            0          - -
2017-11-5 02:45:15            0          - -
2017-11-5 02:45:14            0          - -
2017-11-5 02:45:13            0          - -
2017-11-5 02:45:12            0          - -
2017-11-5 02:45:11            0          - -
2017-11-5 02:45:10            0          - -
2017-11-5 02:45:09            0          - -
2017-11-5 02:45:08            0          - -
2017-11-5 02:45:07            0          - -
2017-11-5 02:45:06            0          - -
2017-11-5 02:45:05            0          - -
2017-11-5 02:45:04            0          - -
2017-11-5 02:45:03            0          - -
2017-11-5 02:45:02            0          - -
2017-11-5 02:45:01            0          - -
2017-11-5 02:45:00            0          - -
2017-11-5 02:44:59            0          - -
2017-11-5 02:44:58            0          - -
2017-11-5 02:44:57            0          - -
2017-11-5 02:44:56            0          - -
2017-11-5 02:44:55            0          - -
2017-11-5 02:44:54            0          - -
2017-11-5 02:44:53            0          - -
2017-11-5 02:44:52            0          - -
2017-11-5 02:44:51            0          - -
2017-11-5 02:44:50            0          - -
2017-11-5 02:44:49            0          - -
2017-11-5 02:44:48            0          - -
2017-11-5 02:44:47            0          - -
2017-11-5 02:44:46            0          - -
2017-11-5 02:44:45            0          - -
2017-11-5 02:44:44            0          - -
2017-11-5 02:44:43            0          - -
2017-11-5 02:44:42            0          - -
2017-11-5 02:44:41            0          - -
2017-11-5 02:44:40            0          - -
2017-11-5 02:44:39            0          - -
2017-11-5 02:44:38            0          - -
2017-11-5 02:44:37            0          - -
2017-11-5 02:44:36            0          - -
2017-11-5 02:44:35            0          - -
2017-11-5 02:44:34            0          - -
2017-11-5 02:44:33            0          - -
2017-11-5 02:44:32            0          - -
2017-11-5 02:44:31            0          - -
2017-11-5 02:44:30            0          - -
2017-11-5 02:44:29            0          - -
2017-11-5 02:44:28            0          - -
2017-11-5 02:44:27            0          - -
2017-11-5 02:44:26            0          - -
2017-11-5 02:44:25            0          - -
2017-11-5 02:44:24            0          - -
2017-11-5 02:44:23            0          - -
2017-11-5 02:44:22            0          - -
2017-11-5 02:44:21            0          - -
2017-11-5 02:44:20            0          - -
2017-11-5 02:44:19            0          - -
2017-11-5 02:44:18            0          - -
2017-11-5 02:44:17            0          - -
2017-11-5 02:44:16            0          - -
2017-11-5 02:44:15            0          - -
2017-11-5 02:44:14            0          - -
2017-11-5 02:44:13            0          - -
2017-11-5 02:44:12            0          - -
2017-11-5 02:44:11            0          - -
2017-11-5 02:44:10            0          - -
2017-11-5 02:44:09            0          - -
2017-11-5 02:44:08            0          - -
2017-11-5 02:44:07            0          - -
2017-11-5 02:44:06            0          - -
2017-11-5 02:44:05            0          - -
2017-11-5 02:44:04            0          - -
2017-11-5 02:44:03            0          - -
2017-11-5 02:44:02            0          - -
2017-11-5 02:44:01            0          - -
2017-11-5 02:44:00            0          - -
2017-11-5 02:43:59            0          - -
2017-11-5 02:43:58            0          - -
2017-11-5 02:43:57            0          - -
2017-11-5 02:43:56            0          - -
2017-11-5 02:43:55            0          - -
2017-11-5 02:43:54            0          - -
2017-11-5 02:43:53            0          - -
2017-11-5 02:43:52            0          - -
2017-11-5 02:43:51            0          - -
2017-11-5 02:43:50            0          - -
2017-11-5 02:43:49            0          - -
2017-11-5 02:43:48            0          - -
2017-11-5 02:43:47            0          - -
2017-11-5 02:43:46            0          - -
2017-11-5 02:43:45            0          - -
2017-11-5 02:43:44            0          - -
2017-11-5 02:43:43            0          - -
2017-11-5 02:43:42            0          - -
2017-11-5 02:43:41            0          - -
2017-11-5 02:43:40            0          - -
2017-11-5 02:45:18            0          - -
2017-11-5 02:45:17            0          - -
2017-11-5 02:45:16            0          - -
2017-11-5 02:45:15            0          - -
2017-11-5 02:45:14            0          - -
2017-11-5 02:45:13            0          - -
2017-11-5 02:45:12            0          - -
2017-11-5 02:45:11            0          - -
2017-11-5 02:45:10            0          - -
2017-11-5 02:45:09            0          - -
2017-11-5 02:45:08            0          - -
2017-11-5 02:45:07            0          - -
2017-11-5 02:45:06            0          - -
2017-11-5 02:45:05            0          - -
2017-11-5 02:45:04            0          - -
2017-11-5 02:45:03            0          - -
2017-11-5 02:45:02            0          - -
2017-11-5 02:45:01            0          - -
2017-11-5 02:45:00            0          - -
2017-11-5 02:44:59            0          - -
2017-11-5 02:44:58            0          - -
2017-11-5 02:44:57            0          - -
2017-11-5 02:44:56            0          - -
2017-11-5 02:44:55            0          - -
2017-11-5 02:44:54            0          - -
2017-11-5 02:44:53            0          - -
2017-11-5 02:44:52            0          - -
2017-11-5 02:44:51            0          - -
2017-11-5 02:44:50            0          - -
2017-11-5 02:44:49            0          - -
2017-11-5 02:44:48            0          - -
2017-11-5 02:44:47            0          - -
2017-11-5 02:44:46            0          - -
2017-11-5 02:44:45            0          - -
2017-11-5 02:44:44            0          - -
2017-11-5 02:44:43            0          - -
2017-11-5 02:44:42            0          - -
2017-11-5 02:44:41            0          - -
2017-11-5 02:44:40            0          - -
2017-11-5 02:44:39            0          - -
2017-11-5 02:44:38            0          - -
2017-11-5 02:44:37            0          - -
2017-11-5 02:44:36            0          - -
2017-11-5 02:44:35            0          - -
2017-11-5 02:44:34            0          - -
2017-11-5 02:44:33            0          - -
2017-11-5 02:44:32            0          - -
2017-11-5 02:44:31            0          - -
2017-11-5 02:44:30            0          - -
2017-11-5 02:44:29            0          - -
2017-11-5 02:44:28            0          - -
2017-11-5 02:44:27            0          - -
2017-11-5 02:44:26            0          - -
2017-11-5 02:44:25            0          - -
2017-11-5 02:44:24            0          - -
2017-11-5 02:44:23            0          - -
2017-11-5 02:44:22            0          - -
2017-11-5 02:44:21            0          - -
2017-11-5 02:44:20            0          - -
2017-11-5 02:44:19            0          - -
2017-11-5 02:44:18            0          - -
2017-11-5 02:44:17            0          - -
2017-11-5 02:44:16            0          - -
2017-11-5 02:44:15            0          - -
2017-11-5 02:44:14            0          - -
2017-11-5 02:44:13            0          - -
2017-11-5 02:44:12            0          - -
2017-11-5 02:44:11            0          - -
2017-11-5 02:44:10            0          - -
2017-11-5 02:44:09            0          - -
2017-11-5 02:44:08            0          - -
2017-11-5 02:44:07            0          - -
2017-11-5 02:44:06            0          - -
2017-11-5 02:44:05            0          - -
2017-11-5 02:44:04            0          - -
2017-11-5 02:44:03            0          - -
2017-11-5 02:44:02            0          - -
2017-11-5 02:44:01            0          - -
2017-11-5 02:44:00            0          - -
2017-11-5 02:43:59            0          - -
2017-11-5 02:43:58            0          - -
2017-11-5 02:43:57            0          - -
2017-11-5 02:43:56            0          - -
2017-11-5 02:43:55            0          - -
2017-11-5 02:43:54            0          - -
2017-11-5 02:43:53            0          - -
2017-11-5 02:43:52            0          - -
2017-11-5 02:43:51            0          - -
2017-11-5 02:43:50            0          - -
2017-11-5 02:43:49            0          - -
2017-11-5 02:43:48            0          - -
2017-11-5 02:43:47            0          - -
2017-11-5 02:43:46            0          - -
2017-11-5 02:43:45            0          - -
2017-11-5 02:43:44            0          - -
2017-11-5 02:43:43            0          - -
2017-11-5 02:43:42            0          - -
2017-11-5 02:43:41            0          - -
2017-11-5 02:43:40            0          - -
2017-11-5 02:43:39            0          - -
NFS Client Count:  1
NFS Thread Count:  16
Max NFSv3 IOPs: 8
Time of max NFSv3 iops (UTC):  2017-11-4 02:45:58
NFS Operations during peak NFSv3 ops:
Highest NFSv3 Read and Write operations broken down by time: 
Avg NFSv3 IOPs: 0.0483906
Max NFSv3 Latency (microseconds): -
Avg NFSv3 Latency (microseconds):  0
Max NFSv3 Op size (bytes):  -
NFSv3 Op Size, highest 100 ops/sec broken down by size: 
DATE/TIME               OPS/SEC    OPS/SEC BREAKDOWN
2017-11-5 02:49:17            0          - -
2017-11-5 02:49:16            0          - -
2017-11-5 02:49:15            0          - -
2017-11-5 02:49:14            0          - -
2017-11-5 02:49:13            0          - -
2017-11-5 02:49:12            0          - -
2017-11-5 02:49:11            0          - -
2017-11-5 02:49:10            0          - -
2017-11-5 02:49:09            0          - -
2017-11-5 02:49:08            0          - -
2017-11-5 02:49:07            0          - -
2017-11-5 02:49:06            0          - -
2017-11-5 02:49:05            0          - -
2017-11-5 02:49:04            0          - -
2017-11-5 02:49:03            0          - -
2017-11-5 02:49:02            0          - -
2017-11-5 02:49:01            0          - -
2017-11-5 02:49:00            0          - -
2017-11-5 02:48:59            0          - -
2017-11-5 02:48:58            0          - -
2017-11-5 02:48:57            0          - -
2017-11-5 02:48:56            0          - -
2017-11-5 02:48:55            0          - -
2017-11-5 02:48:54            0          - -
2017-11-5 02:48:53            0          - -
2017-11-5 02:48:52            0          - -
2017-11-5 02:48:51            0          - -
2017-11-5 02:48:50            0          - -
2017-11-5 02:48:49            0          - -
2017-11-5 02:48:48            0          - -
2017-11-5 02:48:47            0          - -
2017-11-5 02:48:46            0          - -
2017-11-5 02:48:45            0          - -
2017-11-5 02:48:44            0          - -
2017-11-5 02:48:43            0          - -
2017-11-5 02:48:42            0          - -
2017-11-5 02:48:41            0          - -
2017-11-5 02:48:40            0          - -
2017-11-5 02:48:39            0          - -
2017-11-5 02:48:38            0          - -
2017-11-5 02:48:37            0          - -
2017-11-5 02:48:36            0          - -
2017-11-5 02:48:35            0          - -
2017-11-5 02:48:34            0          - -
2017-11-5 02:48:33            0          - -
2017-11-5 02:48:32            0          - -
2017-11-5 02:48:31            0          - -
2017-11-5 02:48:30            0          - -
2017-11-5 02:48:29            0          - -
2017-11-5 02:48:28            0          - -
2017-11-5 02:48:27            0          - -
2017-11-5 02:48:26            0          - -
2017-11-5 02:48:25            0          - -
2017-11-5 02:48:24            0          - -
2017-11-5 02:48:23            0          - -
2017-11-5 02:48:22            0          - -
2017-11-5 02:48:21            0          - -
2017-11-5 02:48:20            0          - -
2017-11-5 02:48:19            0          - -
2017-11-5 02:48:18            0          - -
2017-11-5 02:48:17            0          - -
2017-11-5 02:48:16            0          - -
2017-11-5 02:48:15            0          - -
2017-11-5 02:48:14            0          - -
2017-11-5 02:48:13            0          - -
2017-11-5 02:48:12            0          - -
2017-11-5 02:48:11            0          - -
2017-11-5 02:48:10            0          - -
2017-11-5 02:48:09            0          - -
2017-11-5 02:48:08            0          - -
2017-11-5 02:48:07            0          - -
2017-11-5 02:48:06            0          - -
2017-11-5 02:48:05            0          - -
2017-11-5 02:48:04            0          - -
2017-11-5 02:48:03            0          - -
2017-11-5 02:48:02            0          - -
2017-11-5 02:48:01            0          - -
2017-11-5 02:48:00            0          - -
2017-11-5 02:47:59            0          - -
2017-11-5 02:47:58            0          - -
2017-11-5 02:47:57            0          - -
2017-11-5 02:47:56            0          - -
2017-11-5 02:47:55            0          - -
2017-11-5 02:47:54            0          - -
2017-11-5 02:47:53            0          - -
2017-11-5 02:47:52            0          - -
2017-11-5 02:47:51            0          - -
2017-11-5 02:47:50            0          - -
2017-11-5 02:47:49            0          - -
2017-11-5 02:47:48            0          - -
2017-11-5 02:47:47            0          - -
2017-11-5 02:47:46            0          - -
2017-11-5 02:47:45            0          - -
2017-11-5 02:47:44            0          - -
2017-11-5 02:47:43            0          - -
2017-11-5 02:47:42            0          - -
2017-11-5 02:47:41            0          - -
2017-11-5 02:47:40            0          - -
2017-11-5 02:47:39            0          - -
Max NFSv4 IOPs: 0
Time of max NFSv4 iops (UTC):  2017-11-4 02:47:15
NFS Operations during peak NFSv4 ops:
Avg NFSv4 IOPs: 0
Max NFSv4 Latency (microseconds): -
Avg NFSv4 Latency (microseconds):  0
Max NFSv4 Op size (bytes):  -
NFSv4 Op Size, highest 100 ops/sec broken down by size: 
DATE/TIME               OPS/SEC    OPS/SEC BREAKDOWN
2017-11-5 02:50:34            0          - -
2017-11-5 02:50:33            0          - -
2017-11-5 02:50:32            0          - -
2017-11-5 02:50:31            0          - -
2017-11-5 02:50:30            0          - -
2017-11-5 02:50:29            0          - -
2017-11-5 02:50:28            0          - -
2017-11-5 02:50:27            0          - -
2017-11-5 02:50:26            0          - -
2017-11-5 02:50:25            0          - -
2017-11-5 02:50:24            0          - -
2017-11-5 02:50:23            0          - -
2017-11-5 02:50:22            0          - -
2017-11-5 02:50:21            0          - -
2017-11-5 02:50:20            0          - -
2017-11-5 02:50:19            0          - -
2017-11-5 02:50:18            0          - -
2017-11-5 02:50:17            0          - -
2017-11-5 02:50:16            0          - -
2017-11-5 02:50:15            0          - -
2017-11-5 02:50:14            0          - -
2017-11-5 02:50:13            0          - -
2017-11-5 02:50:12            0          - -
2017-11-5 02:50:11            0          - -
2017-11-5 02:50:10            0          - -
2017-11-5 02:50:09            0          - -
2017-11-5 02:50:08            0          - -
2017-11-5 02:50:07            0          - -
2017-11-5 02:50:06            0          - -
2017-11-5 02:50:05            0          - -
2017-11-5 02:50:04            0          - -
2017-11-5 02:50:03            0          - -
2017-11-5 02:50:02            0          - -
2017-11-5 02:50:01            0          - -
2017-11-5 02:50:00            0          - -
2017-11-5 02:49:59            0          - -
2017-11-5 02:49:58            0          - -
2017-11-5 02:49:57            0          - -
2017-11-5 02:49:56            0          - -
2017-11-5 02:49:55            0          - -
2017-11-5 02:49:54            0          - -
2017-11-5 02:49:53            0          - -
2017-11-5 02:49:52            0          - -
2017-11-5 02:49:51            0          - -
2017-11-5 02:49:50            0          - -
2017-11-5 02:49:49            0          - -
2017-11-5 02:49:48            0          - -
2017-11-5 02:49:47            0          - -
2017-11-5 02:49:46            0          - -
2017-11-5 02:49:45            0          - -
2017-11-5 02:49:44            0          - -
2017-11-5 02:49:43            0          - -
2017-11-5 02:49:42            0          - -
2017-11-5 02:49:41            0          - -
2017-11-5 02:49:40            0          - -
2017-11-5 02:49:39            0          - -
2017-11-5 02:49:38            0          - -
2017-11-5 02:49:37            0          - -
2017-11-5 02:49:36            0          - -
2017-11-5 02:49:35            0          - -
2017-11-5 02:49:34            0          - -
2017-11-5 02:49:33            0          - -
2017-11-5 02:49:32            0          - -
2017-11-5 02:49:31            0          - -
2017-11-5 02:49:30            0          - -
2017-11-5 02:49:29            0          - -
2017-11-5 02:49:28            0          - -
2017-11-5 02:49:27            0          - -
2017-11-5 02:49:26            0          - -
2017-11-5 02:49:25            0          - -
2017-11-5 02:49:24            0          - -
2017-11-5 02:49:23            0          - -
2017-11-5 02:49:22            0          - -
2017-11-5 02:49:21            0          - -
2017-11-5 02:49:20            0          - -
2017-11-5 02:49:19            0          - -
2017-11-5 02:49:18            0          - -
2017-11-5 02:49:17            0          - -
2017-11-5 02:49:16            0          - -
2017-11-5 02:49:15            0          - -
2017-11-5 02:49:14            0          - -
2017-11-5 02:49:13            0          - -
2017-11-5 02:49:12            0          - -
2017-11-5 02:49:11            0          - -
2017-11-5 02:49:10            0          - -
2017-11-5 02:49:09            0          - -
2017-11-5 02:49:08            0          - -
2017-11-5 02:49:07            0          - -
2017-11-5 02:49:06            0          - -
2017-11-5 02:49:05            0          - -
2017-11-5 02:49:04            0          - -
2017-11-5 02:49:03            0          - -
2017-11-5 02:49:02            0          - -
2017-11-5 02:49:01            0          - -
2017-11-5 02:49:00            0          - -
2017-11-5 02:48:59            0          - -
2017-11-5 02:48:58            0          - -
2017-11-5 02:48:57            0          - -
2017-11-5 02:48:56            0          - -
NFSv4 Max operations KB/sec :  OPS/SEC
Total_NFSv3_ops:  569546
NFSv3 getattr:  2735
NFSv3 getattr Ratio:  0.004802070421
NFSv3 access:  773
NFSv3 access Ratio:  0.001357221365
NFSv3 write:  30333
NFSv3 write Ratio:  0.053258209170
NFSv3 read:  0
NFSv3 read Ratio:  0
NFSv3 readdirplus:  10893
NFSv3 readdirplus Ratio:  0.019125759815
NFSv3 lookup:  24
NFSv3 lookup Ratio:  0.000042138826
Total_NFSv4_ops:  0
NFSv4 Ops Equal Zero or NULL, therefore no NFSv4 computations:  0
Replication Source count:  7
Replication Target Count:  8
